nohup: ignoring input
INFO:     Started server process [14615]
INFO:     Waiting for application startup.
2026-03-24 22:39:53,093 INFO sqlalchemy.engine.Engine select pg_catalog.version()
2026-03-24 22:39:53,093 INFO sqlalchemy.engine.Engine [raw sql] ()
2026-03-24 22:39:53,095 INFO sqlalchemy.engine.Engine select current_schema()
2026-03-24 22:39:53,095 INFO sqlalchemy.engine.Engine [raw sql] ()
2026-03-24 22:39:53,097 INFO sqlalchemy.engine.Engine show standard_conforming_strings
2026-03-24 22:39:53,097 INFO sqlalchemy.engine.Engine [raw sql] ()
2026-03-24 22:39:53,098 INFO sqlalchemy.engine.Engine BEGIN (implicit)
2026-03-24 22:39:53,102 INFO sqlalchemy.engine.Engine SELECT pg_catalog.pg_class.relname 
FROM pg_catalog.pg_class JOIN pg_catalog.pg_namespace ON pg_catalog.pg_namespace.oid = pg_catalog.pg_class.relnamespace 
WHERE pg_catalog.pg_class.relname = $1::VARCHAR AND pg_catalog.pg_class.relkind = ANY (ARRAY[$2::VARCHAR, $3::VARCHAR, $4::VARCHAR, $5::VARCHAR, $6::VARCHAR]) AND pg_catalog.pg_table_is_visible(pg_catalog.pg_class.oid) AND pg_catalog.pg_namespace.nspname != $7::VARCHAR
2026-03-24 22:39:53,103 INFO sqlalchemy.engine.Engine [generated in 0.00034s] ('users', 'r', 'p', 'f', 'v', 'm', 'pg_catalog')
2026-03-24 22:39:53,106 INFO sqlalchemy.engine.Engine SELECT pg_catalog.pg_class.relname 
FROM pg_catalog.pg_class JOIN pg_catalog.pg_namespace ON pg_catalog.pg_namespace.oid = pg_catalog.pg_class.relnamespace 
WHERE pg_catalog.pg_class.relname = $1::VARCHAR AND pg_catalog.pg_class.relkind = ANY (ARRAY[$2::VARCHAR, $3::VARCHAR, $4::VARCHAR, $5::VARCHAR, $6::VARCHAR]) AND pg_catalog.pg_table_is_visible(pg_catalog.pg_class.oid) AND pg_catalog.pg_namespace.nspname != $7::VARCHAR
2026-03-24 22:39:53,106 INFO sqlalchemy.engine.Engine [cached since 0.00384s ago] ('jobs', 'r', 'p', 'f', 'v', 'm', 'pg_catalog')
2026-03-24 22:39:53,108 INFO sqlalchemy.engine.Engine SELECT pg_catalog.pg_class.relname 
FROM pg_catalog.pg_class JOIN pg_catalog.pg_namespace ON pg_catalog.pg_namespace.oid = pg_catalog.pg_class.relnamespace 
WHERE pg_catalog.pg_class.relname = $1::VARCHAR AND pg_catalog.pg_class.relkind = ANY (ARRAY[$2::VARCHAR, $3::VARCHAR, $4::VARCHAR, $5::VARCHAR, $6::VARCHAR]) AND pg_catalog.pg_table_is_visible(pg_catalog.pg_class.oid) AND pg_catalog.pg_namespace.nspname != $7::VARCHAR
2026-03-24 22:39:53,108 INFO sqlalchemy.engine.Engine [cached since 0.005441s ago] ('saved_jobs', 'r', 'p', 'f', 'v', 'm', 'pg_catalog')
2026-03-24 22:39:53,109 INFO sqlalchemy.engine.Engine SELECT pg_catalog.pg_class.relname 
FROM pg_catalog.pg_class JOIN pg_catalog.pg_namespace ON pg_catalog.pg_namespace.oid = pg_catalog.pg_class.relnamespace 
WHERE pg_catalog.pg_class.relname = $1::VARCHAR AND pg_catalog.pg_class.relkind = ANY (ARRAY[$2::VARCHAR, $3::VARCHAR, $4::VARCHAR, $5::VARCHAR, $6::VARCHAR]) AND pg_catalog.pg_table_is_visible(pg_catalog.pg_class.oid) AND pg_catalog.pg_namespace.nspname != $7::VARCHAR
2026-03-24 22:39:53,109 INFO sqlalchemy.engine.Engine [cached since 0.006817s ago] ('bids', 'r', 'p', 'f', 'v', 'm', 'pg_catalog')
2026-03-24 22:39:53,110 INFO sqlalchemy.engine.Engine SELECT pg_catalog.pg_class.relname 
FROM pg_catalog.pg_class JOIN pg_catalog.pg_namespace ON pg_catalog.pg_namespace.oid = pg_catalog.pg_class.relnamespace 
WHERE pg_catalog.pg_class.relname = $1::VARCHAR AND pg_catalog.pg_class.relkind = ANY (ARRAY[$2::VARCHAR, $3::VARCHAR, $4::VARCHAR, $5::VARCHAR, $6::VARCHAR]) AND pg_catalog.pg_table_is_visible(pg_catalog.pg_class.oid) AND pg_catalog.pg_namespace.nspname != $7::VARCHAR
2026-03-24 22:39:53,110 INFO sqlalchemy.engine.Engine [cached since 0.008176s ago] ('projects', 'r', 'p', 'f', 'v', 'm', 'pg_catalog')
2026-03-24 22:39:53,111 INFO sqlalchemy.engine.Engine SELECT pg_catalog.pg_class.relname 
FROM pg_catalog.pg_class JOIN pg_catalog.pg_namespace ON pg_catalog.pg_namespace.oid = pg_catalog.pg_class.relnamespace 
WHERE pg_catalog.pg_class.relname = $1::VARCHAR AND pg_catalog.pg_class.relkind = ANY (ARRAY[$2::VARCHAR, $3::VARCHAR, $4::VARCHAR, $5::VARCHAR, $6::VARCHAR]) AND pg_catalog.pg_table_is_visible(pg_catalog.pg_class.oid) AND pg_catalog.pg_namespace.nspname != $7::VARCHAR
2026-03-24 22:39:53,112 INFO sqlalchemy.engine.Engine [cached since 0.009256s ago] ('notifications', 'r', 'p', 'f', 'v', 'm', 'pg_catalog')
2026-03-24 22:39:53,112 INFO sqlalchemy.engine.Engine SELECT pg_catalog.pg_class.relname 
FROM pg_catalog.pg_class JOIN pg_catalog.pg_namespace ON pg_catalog.pg_namespace.oid = pg_catalog.pg_class.relnamespace 
WHERE pg_catalog.pg_class.relname = $1::VARCHAR AND pg_catalog.pg_class.relkind = ANY (ARRAY[$2::VARCHAR, $3::VARCHAR, $4::VARCHAR, $5::VARCHAR, $6::VARCHAR]) AND pg_catalog.pg_table_is_visible(pg_catalog.pg_class.oid) AND pg_catalog.pg_namespace.nspname != $7::VARCHAR
2026-03-24 22:39:53,112 INFO sqlalchemy.engine.Engine [cached since 0.01019s ago] ('support_tickets', 'r', 'p', 'f', 'v', 'm', 'pg_catalog')
2026-03-24 22:39:53,113 INFO sqlalchemy.engine.Engine SELECT pg_catalog.pg_class.relname 
FROM pg_catalog.pg_class JOIN pg_catalog.pg_namespace ON pg_catalog.pg_namespace.oid = pg_catalog.pg_class.relnamespace 
WHERE pg_catalog.pg_class.relname = $1::VARCHAR AND pg_catalog.pg_class.relkind = ANY (ARRAY[$2::VARCHAR, $3::VARCHAR, $4::VARCHAR, $5::VARCHAR, $6::VARCHAR]) AND pg_catalog.pg_table_is_visible(pg_catalog.pg_class.oid) AND pg_catalog.pg_namespace.nspname != $7::VARCHAR
2026-03-24 22:39:53,113 INFO sqlalchemy.engine.Engine [cached since 0.01083s ago] ('disputes', 'r', 'p', 'f', 'v', 'm', 'pg_catalog')
2026-03-24 22:39:53,114 INFO sqlalchemy.engine.Engine SELECT pg_catalog.pg_class.relname 
FROM pg_catalog.pg_class JOIN pg_catalog.pg_namespace ON pg_catalog.pg_namespace.oid = pg_catalog.pg_class.relnamespace 
WHERE pg_catalog.pg_class.relname = $1::VARCHAR AND pg_catalog.pg_class.relkind = ANY (ARRAY[$2::VARCHAR, $3::VARCHAR, $4::VARCHAR, $5::VARCHAR, $6::VARCHAR]) AND pg_catalog.pg_table_is_visible(pg_catalog.pg_class.oid) AND pg_catalog.pg_namespace.nspname != $7::VARCHAR
2026-03-24 22:39:53,114 INFO sqlalchemy.engine.Engine [cached since 0.01147s ago] ('transactions', 'r', 'p', 'f', 'v', 'm', 'pg_catalog')
2026-03-24 22:39:53,114 INFO sqlalchemy.engine.Engine SELECT pg_catalog.pg_class.relname 
FROM pg_catalog.pg_class JOIN pg_catalog.pg_namespace ON pg_catalog.pg_namespace.oid = pg_catalog.pg_class.relnamespace 
WHERE pg_catalog.pg_class.relname = $1::VARCHAR AND pg_catalog.pg_class.relkind = ANY (ARRAY[$2::VARCHAR, $3::VARCHAR, $4::VARCHAR, $5::VARCHAR, $6::VARCHAR]) AND pg_catalog.pg_table_is_visible(pg_catalog.pg_class.oid) AND pg_catalog.pg_namespace.nspname != $7::VARCHAR
2026-03-24 22:39:53,114 INFO sqlalchemy.engine.Engine [cached since 0.01206s ago] ('reviews', 'r', 'p', 'f', 'v', 'm', 'pg_catalog')
2026-03-24 22:39:53,115 INFO sqlalchemy.engine.Engine SELECT pg_catalog.pg_class.relname 
FROM pg_catalog.pg_class JOIN pg_catalog.pg_namespace ON pg_catalog.pg_namespace.oid = pg_catalog.pg_class.relnamespace 
WHERE pg_catalog.pg_class.relname = $1::VARCHAR AND pg_catalog.pg_class.relkind = ANY (ARRAY[$2::VARCHAR, $3::VARCHAR, $4::VARCHAR, $5::VARCHAR, $6::VARCHAR]) AND pg_catalog.pg_table_is_visible(pg_catalog.pg_class.oid) AND pg_catalog.pg_namespace.nspname != $7::VARCHAR
2026-03-24 22:39:53,115 INFO sqlalchemy.engine.Engine [cached since 0.01263s ago] ('messages', 'r', 'p', 'f', 'v', 'm', 'pg_catalog')
2026-03-24 22:39:53,115 INFO sqlalchemy.engine.Engine COMMIT
INFO:     Application startup complete.
ERROR:    [Errno 98] error while attempting to bind on address ('0.0.0.0', 8000): address already in use
INFO:     Waiting for application shutdown.
INFO:     Application shutdown complete.
